{"C:\\Users\\baby8\\Desktop\\Project130\\backend\\src\\Observer.js": {"path":"C:\\Users\\baby8\\Desktop\\Project130\\backend\\src\\Observer.js","statementMap":{"0":{"start":{"line":16,"column":8},"end":{"line":16,"column":26}},"1":{"start":{"line":23,"column":8},"end":{"line":23,"column":38}},"2":{"start":{"line":30,"column":8},"end":{"line":30,"column":72}},"3":{"start":{"line":30,"column":54},"end":{"line":30,"column":70}},"4":{"start":{"line":39,"column":8},"end":{"line":49,"column":9}},"5":{"start":{"line":40,"column":12},"end":{"line":48,"column":15}},"6":{"start":{"line":41,"column":16},"end":{"line":47,"column":14}},"7":{"start":{"line":42,"column":40},"end":{"line":42,"column":68}},"8":{"start":{"line":43,"column":20},"end":{"line":43,"column":88}},"9":{"start":{"line":44,"column":20},"end":{"line":44,"column":61}},"10":{"start":{"line":46,"column":23},"end":{"line":46,"column":77}}},"fnMap":{"0":{"name":"(anonymous_0)","decl":{"start":{"line":11,"column":4},"end":{"line":11,"column":5}},"loc":{"start":{"line":11,"column":18},"end":{"line":17,"column":5}},"line":11},"1":{"name":"(anonymous_1)","decl":{"start":{"line":22,"column":4},"end":{"line":22,"column":5}},"loc":{"start":{"line":22,"column":26},"end":{"line":24,"column":5}},"line":22},"2":{"name":"(anonymous_2)","decl":{"start":{"line":29,"column":4},"end":{"line":29,"column":5}},"loc":{"start":{"line":29,"column":29},"end":{"line":31,"column":5}},"line":29},"3":{"name":"(anonymous_3)","decl":{"start":{"line":30,"column":47},"end":{"line":30,"column":48}},"loc":{"start":{"line":30,"column":54},"end":{"line":30,"column":70}},"line":30},"4":{"name":"(anonymous_4)","decl":{"start":{"line":38,"column":4},"end":{"line":38,"column":5}},"loc":{"start":{"line":38,"column":31},"end":{"line":50,"column":5}},"line":38},"5":{"name":"(anonymous_5)","decl":{"start":{"line":40,"column":42},"end":{"line":40,"column":43}},"loc":{"start":{"line":40,"column":63},"end":{"line":48,"column":13}},"line":40}},"branchMap":{"0":{"loc":{"start":{"line":39,"column":8},"end":{"line":49,"column":9}},"type":"if","locations":[{"start":{"line":39,"column":8},"end":{"line":49,"column":9}},{"start":{},"end":{}}],"line":39},"1":{"loc":{"start":{"line":41,"column":16},"end":{"line":47,"column":14}},"type":"if","locations":[{"start":{"line":41,"column":16},"end":{"line":47,"column":14}},{"start":{"line":46,"column":21},"end":{"line":47,"column":14}}],"line":41},"2":{"loc":{"start":{"line":41,"column":20},"end":{"line":41,"column":66}},"type":"binary-expr","locations":[{"start":{"line":41,"column":20},"end":{"line":41,"column":26}},{"start":{"line":41,"column":30},"end":{"line":41,"column":66}}],"line":41}},"s":{"0":9,"1":1,"2":1,"3":2,"4":3,"5":2,"6":3,"7":2,"8":2,"9":2,"10":1},"f":{"0":9,"1":1,"2":1,"3":2,"4":3,"5":3},"b":{"0":[2,1],"1":[2,1],"2":[3,3]},"_coverageSchema":"1a1c01bbd47fc00a2c39e90264f33305004495a9","hash":"8c335990502518b8eaeb2b2223fb70ceaf2ef964"}
,"C:\\Users\\baby8\\Desktop\\Project130\\backend\\src\\SplitStrategy.js": {"path":"C:\\Users\\baby8\\Desktop\\Project130\\backend\\src\\SplitStrategy.js","statementMap":{"0":{"start":{"line":18,"column":8},"end":{"line":18,"column":36}},"1":{"start":{"line":36,"column":8},"end":{"line":38,"column":11}},"2":{"start":{"line":37,"column":12},"end":{"line":37,"column":66}},"3":{"start":{"line":40,"column":27},"end":{"line":40,"column":48}},"4":{"start":{"line":42,"column":8},"end":{"line":45,"column":15}},"5":{"start":{"line":43,"column":12},"end":{"line":43,"column":53}},"6":{"start":{"line":44,"column":12},"end":{"line":44,"column":23}},"7":{"start":{"line":53,"column":8},"end":{"line":55,"column":11}},"8":{"start":{"line":54,"column":12},"end":{"line":54,"column":66}},"9":{"start":{"line":56,"column":8},"end":{"line":62,"column":15}},"10":{"start":{"line":58,"column":28},"end":{"line":58,"column":51}},"11":{"start":{"line":60,"column":12},"end":{"line":60,"column":81}},"12":{"start":{"line":61,"column":12},"end":{"line":61,"column":23}}},"fnMap":{"0":{"name":"(anonymous_0)","decl":{"start":{"line":17,"column":4},"end":{"line":17,"column":5}},"loc":{"start":{"line":17,"column":48},"end":{"line":19,"column":5}},"line":17},"1":{"name":"(anonymous_1)","decl":{"start":{"line":35,"column":4},"end":{"line":35,"column":5}},"loc":{"start":{"line":35,"column":41},"end":{"line":47,"column":5}},"line":35},"2":{"name":"(anonymous_2)","decl":{"start":{"line":42,"column":35},"end":{"line":42,"column":36}},"loc":{"start":{"line":42,"column":57},"end":{"line":45,"column":9}},"line":42},"3":{"name":"(anonymous_3)","decl":{"start":{"line":52,"column":4},"end":{"line":52,"column":5}},"loc":{"start":{"line":52,"column":48},"end":{"line":63,"column":5}},"line":52},"4":{"name":"(anonymous_4)","decl":{"start":{"line":56,"column":35},"end":{"line":56,"column":36}},"loc":{"start":{"line":56,"column":57},"end":{"line":62,"column":9}},"line":56}},"branchMap":{"0":{"loc":{"start":{"line":36,"column":8},"end":{"line":38,"column":11}},"type":"if","locations":[{"start":{"line":36,"column":8},"end":{"line":38,"column":11}},{"start":{},"end":{}}],"line":36},"1":{"loc":{"start":{"line":36,"column":12},"end":{"line":36,"column":54}},"type":"binary-expr","locations":[{"start":{"line":36,"column":12},"end":{"line":36,"column":25}},{"start":{"line":36,"column":29},"end":{"line":36,"column":54}}],"line":36},"2":{"loc":{"start":{"line":53,"column":8},"end":{"line":55,"column":11}},"type":"if","locations":[{"start":{"line":53,"column":8},"end":{"line":55,"column":11}},{"start":{},"end":{}}],"line":53},"3":{"loc":{"start":{"line":53,"column":12},"end":{"line":53,"column":54}},"type":"binary-expr","locations":[{"start":{"line":53,"column":12},"end":{"line":53,"column":25}},{"start":{"line":53,"column":29},"end":{"line":53,"column":54}}],"line":53},"4":{"loc":{"start":{"line":58,"column":28},"end":{"line":58,"column":51}},"type":"binary-expr","locations":[{"start":{"line":58,"column":28},"end":{"line":58,"column":46}},{"start":{"line":58,"column":50},"end":{"line":58,"column":51}}],"line":58}},"s":{"0":1,"1":6,"2":3,"3":3,"4":3,"5":8,"6":8,"7":7,"8":1,"9":6,"10":15,"11":15,"12":15},"f":{"0":1,"1":6,"2":8,"3":7,"4":15},"b":{"0":[3,3],"1":[6,4],"2":[1,6],"3":[7,7],"4":[15,4]},"_coverageSchema":"1a1c01bbd47fc00a2c39e90264f33305004495a9","hash":"baed36e085ded7536c472ab664ba5b939765a1ab"}
,"C:\\Users\\baby8\\Desktop\\Project130\\backend\\src\\groupBudget.js": {"path":"C:\\Users\\baby8\\Desktop\\Project130\\backend\\src\\groupBudget.js","statementMap":{"0":{"start":{"line":17,"column":8},"end":{"line":17,"column":16}},"1":{"start":{"line":18,"column":8},"end":{"line":18,"column":29}},"2":{"start":{"line":19,"column":8},"end":{"line":19,"column":25}},"3":{"start":{"line":29,"column":33},"end":{"line":29,"column":35}},"4":{"start":{"line":30,"column":25},"end":{"line":30,"column":48}},"5":{"start":{"line":32,"column":8},"end":{"line":50,"column":9}},"6":{"start":{"line":33,"column":12},"end":{"line":45,"column":13}},"7":{"start":{"line":34,"column":26},"end":{"line":34,"column":70}},"8":{"start":{"line":35,"column":38},"end":{"line":35,"column":54}},"9":{"start":{"line":37,"column":16},"end":{"line":44,"column":17}},"10":{"start":{"line":38,"column":20},"end":{"line":40,"column":23}},"11":{"start":{"line":39,"column":24},"end":{"line":39,"column":54}},"12":{"start":{"line":43,"column":20},"end":{"line":43,"column":71}},"13":{"start":{"line":46,"column":12},"end":{"line":46,"column":36}},"14":{"start":{"line":48,"column":12},"end":{"line":48,"column":73}},"15":{"start":{"line":49,"column":12},"end":{"line":49,"column":22}},"16":{"start":{"line":61,"column":8},"end":{"line":112,"column":9}},"17":{"start":{"line":62,"column":37},"end":{"line":62,"column":90}},"18":{"start":{"line":64,"column":12},"end":{"line":67,"column":13}},"19":{"start":{"line":65,"column":16},"end":{"line":65,"column":67}},"20":{"start":{"line":66,"column":16},"end":{"line":66,"column":23}},"21":{"start":{"line":69,"column":12},"end":{"line":71,"column":13}},"22":{"start":{"line":70,"column":16},"end":{"line":70,"column":51}},"23":{"start":{"line":74,"column":43},"end":{"line":74,"column":73}},"24":{"start":{"line":76,"column":30},"end":{"line":76,"column":54}},"25":{"start":{"line":77,"column":30},"end":{"line":82,"column":13}},"26":{"start":{"line":84,"column":32},"end":{"line":84,"column":66}},"27":{"start":{"line":85,"column":28},"end":{"line":85,"column":42}},"28":{"start":{"line":87,"column":12},"end":{"line":95,"column":14}},"29":{"start":{"line":98,"column":12},"end":{"line":100,"column":15}},"30":{"start":{"line":99,"column":16},"end":{"line":99,"column":61}},"31":{"start":{"line":102,"column":25},"end":{"line":106,"column":13}},"32":{"start":{"line":108,"column":12},"end":{"line":108,"column":44}},"33":{"start":{"line":111,"column":12},"end":{"line":111,"column":58}},"34":{"start":{"line":126,"column":25},"end":{"line":126,"column":51}},"35":{"start":{"line":127,"column":30},"end":{"line":127,"column":52}},"36":{"start":{"line":129,"column":8},"end":{"line":132,"column":9}},"37":{"start":{"line":130,"column":12},"end":{"line":130,"column":49}},"38":{"start":{"line":131,"column":12},"end":{"line":131,"column":19}},"39":{"start":{"line":134,"column":8},"end":{"line":178,"column":9}},"40":{"start":{"line":135,"column":31},"end":{"line":135,"column":75}},"41":{"start":{"line":136,"column":31},"end":{"line":136,"column":33}},"42":{"start":{"line":137,"column":12},"end":{"line":143,"column":13}},"43":{"start":{"line":138,"column":16},"end":{"line":142,"column":17}},"44":{"start":{"line":139,"column":20},"end":{"line":139,"column":51}},"45":{"start":{"line":141,"column":20},"end":{"line":141,"column":52}},"46":{"start":{"line":145,"column":28},"end":{"line":153,"column":13}},"47":{"start":{"line":155,"column":35},"end":{"line":155,"column":70}},"48":{"start":{"line":157,"column":29},"end":{"line":157,"column":99}},"49":{"start":{"line":159,"column":12},"end":{"line":162,"column":14}},"50":{"start":{"line":164,"column":25},"end":{"line":169,"column":13}},"51":{"start":{"line":171,"column":12},"end":{"line":171,"column":44}},"52":{"start":{"line":173,"column":12},"end":{"line":173,"column":75}},"53":{"start":{"line":174,"column":12},"end":{"line":174,"column":24}},"54":{"start":{"line":177,"column":12},"end":{"line":177,"column":59}},"55":{"start":{"line":191,"column":25},"end":{"line":191,"column":51}},"56":{"start":{"line":192,"column":28},"end":{"line":192,"column":60}},"57":{"start":{"line":193,"column":25},"end":{"line":193,"column":27}},"58":{"start":{"line":195,"column":8},"end":{"line":233,"column":9}},"59":{"start":{"line":196,"column":12},"end":{"line":227,"column":13}},"60":{"start":{"line":197,"column":16},"end":{"line":197,"column":52}},"61":{"start":{"line":197,"column":43},"end":{"line":197,"column":52}},"62":{"start":{"line":199,"column":40},"end":{"line":199,"column":63}},"63":{"start":{"line":200,"column":46},"end":{"line":200,"column":75}},"64":{"start":{"line":203,"column":16},"end":{"line":226,"column":19}},"65":{"start":{"line":204,"column":44},"end":{"line":204,"column":82}},"66":{"start":{"line":205,"column":50},"end":{"line":205,"column":94}},"67":{"start":{"line":207,"column":39},"end":{"line":207,"column":104}},"68":{"start":{"line":208,"column":45},"end":{"line":208,"column":122}},"69":{"start":{"line":210,"column":49},"end":{"line":210,"column":68}},"70":{"start":{"line":213,"column":20},"end":{"line":213,"column":126}},"71":{"start":{"line":214,"column":20},"end":{"line":214,"column":126}},"72":{"start":{"line":218,"column":20},"end":{"line":218,"column":94}},"73":{"start":{"line":219,"column":20},"end":{"line":219,"column":106}},"74":{"start":{"line":221,"column":20},"end":{"line":221,"column":87}},"75":{"start":{"line":222,"column":20},"end":{"line":222,"column":82}},"76":{"start":{"line":224,"column":20},"end":{"line":224,"column":105}},"77":{"start":{"line":225,"column":20},"end":{"line":225,"column":82}},"78":{"start":{"line":228,"column":12},"end":{"line":228,"column":27}},"79":{"start":{"line":231,"column":12},"end":{"line":231,"column":62}},"80":{"start":{"line":232,"column":12},"end":{"line":232,"column":25}},"81":{"start":{"line":244,"column":26},"end":{"line":244,"column":50}},"82":{"start":{"line":245,"column":8},"end":{"line":284,"column":9}},"83":{"start":{"line":246,"column":20},"end":{"line":246,"column":90}},"84":{"start":{"line":247,"column":32},"end":{"line":247,"column":48}},"85":{"start":{"line":249,"column":10},"end":{"line":281,"column":11}},"86":{"start":{"line":250,"column":12},"end":{"line":250,"column":65}},"87":{"start":{"line":251,"column":34},"end":{"line":273,"column":14}},"88":{"start":{"line":252,"column":30},"end":{"line":252,"column":40}},"89":{"start":{"line":253,"column":30},"end":{"line":253,"column":36}},"90":{"start":{"line":255,"column":14},"end":{"line":255,"column":43}},"91":{"start":{"line":258,"column":34},"end":{"line":258,"column":66}},"92":{"start":{"line":259,"column":31},"end":{"line":259,"column":64}},"93":{"start":{"line":260,"column":14},"end":{"line":267,"column":16}},"94":{"start":{"line":269,"column":14},"end":{"line":272,"column":18}},"95":{"start":{"line":269,"column":71},"end":{"line":272,"column":15}},"96":{"start":{"line":275,"column":12},"end":{"line":275,"column":45}},"97":{"start":{"line":276,"column":12},"end":{"line":276,"column":54}},"98":{"start":{"line":277,"column":12},"end":{"line":277,"column":31}},"99":{"start":{"line":279,"column":12},"end":{"line":279,"column":66}},"100":{"start":{"line":280,"column":12},"end":{"line":280,"column":22}},"101":{"start":{"line":283,"column":10},"end":{"line":283,"column":60}},"102":{"start":{"line":294,"column":27},"end":{"line":294,"column":71}},"103":{"start":{"line":295,"column":32},"end":{"line":295,"column":57}},"104":{"start":{"line":296,"column":22},"end":{"line":296,"column":24}},"105":{"start":{"line":298,"column":8},"end":{"line":312,"column":11}},"106":{"start":{"line":299,"column":28},"end":{"line":299,"column":38}},"107":{"start":{"line":300,"column":28},"end":{"line":300,"column":34}},"108":{"start":{"line":303,"column":12},"end":{"line":311,"column":14}},"109":{"start":{"line":314,"column":8},"end":{"line":314,"column":23}},"110":{"start":{"line":324,"column":28},"end":{"line":324,"column":73}},"111":{"start":{"line":325,"column":33},"end":{"line":325,"column":59}},"112":{"start":{"line":327,"column":23},"end":{"line":327,"column":25}},"113":{"start":{"line":328,"column":8},"end":{"line":331,"column":9}},"114":{"start":{"line":329,"column":12},"end":{"line":329,"column":78}},"115":{"start":{"line":330,"column":12},"end":{"line":330,"column":28}},"116":{"start":{"line":333,"column":8},"end":{"line":342,"column":11}},"117":{"start":{"line":334,"column":31},"end":{"line":334,"column":37}},"118":{"start":{"line":335,"column":28},"end":{"line":335,"column":38}},"119":{"start":{"line":338,"column":12},"end":{"line":341,"column":14}},"120":{"start":{"line":344,"column":8},"end":{"line":344,"column":49}},"121":{"start":{"line":345,"column":8},"end":{"line":345,"column":24}},"122":{"start":{"line":359,"column":25},"end":{"line":359,"column":51}},"123":{"start":{"line":360,"column":30},"end":{"line":360,"column":52}},"124":{"start":{"line":362,"column":8},"end":{"line":364,"column":9}},"125":{"start":{"line":363,"column":12},"end":{"line":363,"column":53}},"126":{"start":{"line":366,"column":26},"end":{"line":366,"column":46}},"127":{"start":{"line":367,"column":29},"end":{"line":367,"column":51}},"128":{"start":{"line":370,"column":8},"end":{"line":376,"column":9}},"129":{"start":{"line":371,"column":12},"end":{"line":371,"column":53}},"130":{"start":{"line":372,"column":15},"end":{"line":376,"column":9}},"131":{"start":{"line":373,"column":12},"end":{"line":373,"column":54}},"132":{"start":{"line":375,"column":12},"end":{"line":375,"column":60}},"133":{"start":{"line":378,"column":23},"end":{"line":378,"column":80}},"134":{"start":{"line":380,"column":28},"end":{"line":384,"column":11}},"135":{"start":{"line":380,"column":61},"end":{"line":384,"column":9}},"136":{"start":{"line":386,"column":8},"end":{"line":390,"column":10}},"137":{"start":{"line":401,"column":8},"end":{"line":444,"column":9}},"138":{"start":{"line":402,"column":29},"end":{"line":402,"column":55}},"139":{"start":{"line":403,"column":32},"end":{"line":403,"column":64}},"140":{"start":{"line":404,"column":29},"end":{"line":404,"column":52}},"141":{"start":{"line":405,"column":29},"end":{"line":405,"column":52}},"142":{"start":{"line":406,"column":36},"end":{"line":406,"column":58}},"143":{"start":{"line":407,"column":36},"end":{"line":407,"column":58}},"144":{"start":{"line":408,"column":31},"end":{"line":408,"column":96}},"145":{"start":{"line":409,"column":31},"end":{"line":409,"column":96}},"146":{"start":{"line":410,"column":12},"end":{"line":422,"column":13}},"147":{"start":{"line":412,"column":16},"end":{"line":414,"column":17}},"148":{"start":{"line":413,"column":20},"end":{"line":413,"column":71}},"149":{"start":{"line":415,"column":16},"end":{"line":417,"column":17}},"150":{"start":{"line":416,"column":20},"end":{"line":416,"column":71}},"151":{"start":{"line":420,"column":16},"end":{"line":420,"column":40}},"152":{"start":{"line":421,"column":16},"end":{"line":421,"column":40}},"153":{"start":{"line":424,"column":12},"end":{"line":424,"column":67}},"154":{"start":{"line":425,"column":12},"end":{"line":425,"column":67}},"155":{"start":{"line":427,"column":25},"end":{"line":439,"column":13}},"156":{"start":{"line":440,"column":12},"end":{"line":440,"column":44}},"157":{"start":{"line":443,"column":12},"end":{"line":443,"column":62}},"158":{"start":{"line":456,"column":8},"end":{"line":495,"column":9}},"159":{"start":{"line":457,"column":29},"end":{"line":457,"column":55}},"160":{"start":{"line":458,"column":35},"end":{"line":458,"column":86}},"161":{"start":{"line":459,"column":35},"end":{"line":459,"column":63}},"162":{"start":{"line":461,"column":12},"end":{"line":463,"column":13}},"163":{"start":{"line":462,"column":16},"end":{"line":462,"column":57}},"164":{"start":{"line":465,"column":36},"end":{"line":465,"column":57}},"165":{"start":{"line":467,"column":12},"end":{"line":469,"column":13}},"166":{"start":{"line":468,"column":16},"end":{"line":468,"column":48}},"167":{"start":{"line":472,"column":12},"end":{"line":477,"column":13}},"168":{"start":{"line":474,"column":16},"end":{"line":476,"column":17}},"169":{"start":{"line":475,"column":20},"end":{"line":475,"column":62}},"170":{"start":{"line":480,"column":12},"end":{"line":480,"column":88}},"171":{"start":{"line":483,"column":25},"end":{"line":489,"column":13}},"172":{"start":{"line":491,"column":12},"end":{"line":491,"column":44}},"173":{"start":{"line":494,"column":12},"end":{"line":494,"column":71}},"174":{"start":{"line":506,"column":8},"end":{"line":539,"column":9}},"175":{"start":{"line":507,"column":29},"end":{"line":507,"column":55}},"176":{"start":{"line":508,"column":31},"end":{"line":508,"column":62}},"177":{"start":{"line":509,"column":36},"end":{"line":509,"column":61}},"178":{"start":{"line":510,"column":26},"end":{"line":510,"column":40}},"179":{"start":{"line":513,"column":12},"end":{"line":525,"column":15}},"180":{"start":{"line":514,"column":40},"end":{"line":514,"column":50}},"181":{"start":{"line":516,"column":16},"end":{"line":518,"column":17}},"182":{"start":{"line":517,"column":20},"end":{"line":517,"column":52}},"183":{"start":{"line":520,"column":16},"end":{"line":524,"column":17}},"184":{"start":{"line":522,"column":20},"end":{"line":522,"column":62}},"185":{"start":{"line":523,"column":20},"end":{"line":523,"column":86}},"186":{"start":{"line":527,"column":12},"end":{"line":527,"column":33}},"187":{"start":{"line":529,"column":25},"end":{"line":534,"column":13}},"188":{"start":{"line":535,"column":12},"end":{"line":535,"column":44}},"189":{"start":{"line":536,"column":12},"end":{"line":536,"column":107}},"190":{"start":{"line":538,"column":12},"end":{"line":538,"column":76}}},"fnMap":{"0":{"name":"(anonymous_0)","decl":{"start":{"line":16,"column":4},"end":{"line":16,"column":5}},"loc":{"start":{"line":16,"column":24},"end":{"line":20,"column":5}},"line":16},"1":{"name":"(anonymous_1)","decl":{"start":{"line":28,"column":4},"end":{"line":28,"column":5}},"loc":{"start":{"line":28,"column":42},"end":{"line":51,"column":5}},"line":28},"2":{"name":"(anonymous_2)","decl":{"start":{"line":38,"column":42},"end":{"line":38,"column":43}},"loc":{"start":{"line":38,"column":51},"end":{"line":40,"column":21}},"line":38},"3":{"name":"(anonymous_3)","decl":{"start":{"line":60,"column":4},"end":{"line":60,"column":5}},"loc":{"start":{"line":60,"column":61},"end":{"line":113,"column":5}},"line":60},"4":{"name":"(anonymous_4)","decl":{"start":{"line":98,"column":63},"end":{"line":98,"column":64}},"loc":{"start":{"line":98,"column":70},"end":{"line":100,"column":13}},"line":98},"5":{"name":"(anonymous_5)","decl":{"start":{"line":125,"column":4},"end":{"line":125,"column":5}},"loc":{"start":{"line":125,"column":57},"end":{"line":179,"column":5}},"line":125},"6":{"name":"(anonymous_6)","decl":{"start":{"line":190,"column":4},"end":{"line":190,"column":5}},"loc":{"start":{"line":190,"column":63},"end":{"line":234,"column":5}},"line":190},"7":{"name":"(anonymous_7)","decl":{"start":{"line":203,"column":41},"end":{"line":203,"column":42}},"loc":{"start":{"line":203,"column":64},"end":{"line":226,"column":17}},"line":203},"8":{"name":"(anonymous_8)","decl":{"start":{"line":243,"column":4},"end":{"line":243,"column":5}},"loc":{"start":{"line":243,"column":31},"end":{"line":285,"column":7}},"line":243},"9":{"name":"(anonymous_9)","decl":{"start":{"line":251,"column":57},"end":{"line":251,"column":58}},"loc":{"start":{"line":251,"column":72},"end":{"line":273,"column":13}},"line":251},"10":{"name":"(anonymous_10)","decl":{"start":{"line":269,"column":63},"end":{"line":269,"column":64}},"loc":{"start":{"line":269,"column":71},"end":{"line":272,"column":15}},"line":269},"11":{"name":"(anonymous_11)","decl":{"start":{"line":293,"column":4},"end":{"line":293,"column":5}},"loc":{"start":{"line":293,"column":32},"end":{"line":315,"column":5}},"line":293},"12":{"name":"(anonymous_12)","decl":{"start":{"line":298,"column":32},"end":{"line":298,"column":33}},"loc":{"start":{"line":298,"column":41},"end":{"line":312,"column":9}},"line":298},"13":{"name":"(anonymous_13)","decl":{"start":{"line":323,"column":4},"end":{"line":323,"column":5}},"loc":{"start":{"line":323,"column":33},"end":{"line":346,"column":5}},"line":323},"14":{"name":"(anonymous_14)","decl":{"start":{"line":333,"column":33},"end":{"line":333,"column":34}},"loc":{"start":{"line":333,"column":42},"end":{"line":342,"column":9}},"line":333},"15":{"name":"(anonymous_15)","decl":{"start":{"line":358,"column":4},"end":{"line":358,"column":5}},"loc":{"start":{"line":358,"column":85},"end":{"line":391,"column":5}},"line":358},"16":{"name":"(anonymous_16)","decl":{"start":{"line":380,"column":45},"end":{"line":380,"column":46}},"loc":{"start":{"line":380,"column":61},"end":{"line":384,"column":9}},"line":380},"17":{"name":"(anonymous_17)","decl":{"start":{"line":400,"column":4},"end":{"line":400,"column":5}},"loc":{"start":{"line":400,"column":60},"end":{"line":445,"column":5}},"line":400},"18":{"name":"(anonymous_18)","decl":{"start":{"line":455,"column":4},"end":{"line":455,"column":5}},"loc":{"start":{"line":455,"column":71},"end":{"line":496,"column":5}},"line":455},"19":{"name":"(anonymous_19)","decl":{"start":{"line":505,"column":4},"end":{"line":505,"column":5}},"loc":{"start":{"line":505,"column":62},"end":{"line":540,"column":5}},"line":505},"20":{"name":"(anonymous_20)","decl":{"start":{"line":513,"column":36},"end":{"line":513,"column":37}},"loc":{"start":{"line":513,"column":45},"end":{"line":525,"column":13}},"line":513}},"branchMap":{"0":{"loc":{"start":{"line":37,"column":16},"end":{"line":44,"column":17}},"type":"if","locations":[{"start":{"line":37,"column":16},"end":{"line":44,"column":17}},{"start":{"line":42,"column":23},"end":{"line":44,"column":17}}],"line":37},"1":{"loc":{"start":{"line":64,"column":12},"end":{"line":67,"column":13}},"type":"if","locations":[{"start":{"line":64,"column":12},"end":{"line":67,"column":13}},{"start":{},"end":{}}],"line":64},"2":{"loc":{"start":{"line":69,"column":12},"end":{"line":71,"column":13}},"type":"if","locations":[{"start":{"line":69,"column":12},"end":{"line":71,"column":13}},{"start":{},"end":{}}],"line":69},"3":{"loc":{"start":{"line":99,"column":38},"end":{"line":99,"column":58}},"type":"binary-expr","locations":[{"start":{"line":99,"column":38},"end":{"line":99,"column":50}},{"start":{"line":99,"column":54},"end":{"line":99,"column":58}}],"line":99},"4":{"loc":{"start":{"line":129,"column":8},"end":{"line":132,"column":9}},"type":"if","locations":[{"start":{"line":129,"column":8},"end":{"line":132,"column":9}},{"start":{},"end":{}}],"line":129},"5":{"loc":{"start":{"line":138,"column":16},"end":{"line":142,"column":17}},"type":"if","locations":[{"start":{"line":138,"column":16},"end":{"line":142,"column":17}},{"start":{"line":140,"column":23},"end":{"line":142,"column":17}}],"line":138},"6":{"loc":{"start":{"line":197,"column":16},"end":{"line":197,"column":52}},"type":"if","locations":[{"start":{"line":197,"column":16},"end":{"line":197,"column":52}},{"start":{},"end":{}}],"line":197},"7":{"loc":{"start":{"line":207,"column":39},"end":{"line":207,"column":104}},"type":"cond-expr","locations":[{"start":{"line":207,"column":66},"end":{"line":207,"column":99}},{"start":{"line":207,"column":102},"end":{"line":207,"column":104}}],"line":207},"8":{"loc":{"start":{"line":207,"column":66},"end":{"line":207,"column":99}},"type":"binary-expr","locations":[{"start":{"line":207,"column":66},"end":{"line":207,"column":93}},{"start":{"line":207,"column":97},"end":{"line":207,"column":99}}],"line":207},"9":{"loc":{"start":{"line":208,"column":45},"end":{"line":208,"column":122}},"type":"cond-expr","locations":[{"start":{"line":208,"column":78},"end":{"line":208,"column":117}},{"start":{"line":208,"column":120},"end":{"line":208,"column":122}}],"line":208},"10":{"loc":{"start":{"line":208,"column":78},"end":{"line":208,"column":117}},"type":"binary-expr","locations":[{"start":{"line":208,"column":78},"end":{"line":208,"column":111}},{"start":{"line":208,"column":115},"end":{"line":208,"column":117}}],"line":208},"11":{"loc":{"start":{"line":213,"column":59},"end":{"line":213,"column":89}},"type":"binary-expr","locations":[{"start":{"line":213,"column":59},"end":{"line":213,"column":84}},{"start":{"line":213,"column":88},"end":{"line":213,"column":89}}],"line":213},"12":{"loc":{"start":{"line":214,"column":59},"end":{"line":214,"column":89}},"type":"binary-expr","locations":[{"start":{"line":214,"column":59},"end":{"line":214,"column":84}},{"start":{"line":214,"column":88},"end":{"line":214,"column":89}}],"line":214},"13":{"loc":{"start":{"line":221,"column":38},"end":{"line":221,"column":86}},"type":"binary-expr","locations":[{"start":{"line":221,"column":38},"end":{"line":221,"column":53}},{"start":{"line":221,"column":57},"end":{"line":221,"column":86}}],"line":221},"14":{"loc":{"start":{"line":224,"column":44},"end":{"line":224,"column":104}},"type":"binary-expr","locations":[{"start":{"line":224,"column":44},"end":{"line":224,"column":65}},{"start":{"line":224,"column":69},"end":{"line":224,"column":104}}],"line":224},"15":{"loc":{"start":{"line":249,"column":10},"end":{"line":281,"column":11}},"type":"if","locations":[{"start":{"line":249,"column":10},"end":{"line":281,"column":11}},{"start":{"line":278,"column":17},"end":{"line":281,"column":11}}],"line":249},"16":{"loc":{"start":{"line":271,"column":24},"end":{"line":271,"column":44}},"type":"binary-expr","locations":[{"start":{"line":271,"column":24},"end":{"line":271,"column":36}},{"start":{"line":271,"column":40},"end":{"line":271,"column":44}}],"line":271},"17":{"loc":{"start":{"line":308,"column":22},"end":{"line":308,"column":41}},"type":"binary-expr","locations":[{"start":{"line":308,"column":22},"end":{"line":308,"column":34}},{"start":{"line":308,"column":38},"end":{"line":308,"column":41}}],"line":308},"18":{"loc":{"start":{"line":309,"column":30},"end":{"line":309,"column":56}},"type":"binary-expr","locations":[{"start":{"line":309,"column":30},"end":{"line":309,"column":50}},{"start":{"line":309,"column":54},"end":{"line":309,"column":56}}],"line":309},"19":{"loc":{"start":{"line":310,"column":28},"end":{"line":310,"column":52}},"type":"binary-expr","locations":[{"start":{"line":310,"column":28},"end":{"line":310,"column":46}},{"start":{"line":310,"column":50},"end":{"line":310,"column":52}}],"line":310},"20":{"loc":{"start":{"line":328,"column":8},"end":{"line":331,"column":9}},"type":"if","locations":[{"start":{"line":328,"column":8},"end":{"line":331,"column":9}},{"start":{},"end":{}}],"line":328},"21":{"loc":{"start":{"line":340,"column":22},"end":{"line":340,"column":40}},"type":"binary-expr","locations":[{"start":{"line":340,"column":22},"end":{"line":340,"column":34}},{"start":{"line":340,"column":38},"end":{"line":340,"column":40}}],"line":340},"22":{"loc":{"start":{"line":358,"column":73},"end":{"line":358,"column":83}},"type":"default-arg","locations":[{"start":{"line":358,"column":81},"end":{"line":358,"column":83}}],"line":358},"23":{"loc":{"start":{"line":362,"column":8},"end":{"line":364,"column":9}},"type":"if","locations":[{"start":{"line":362,"column":8},"end":{"line":364,"column":9}},{"start":{},"end":{}}],"line":362},"24":{"loc":{"start":{"line":370,"column":8},"end":{"line":376,"column":9}},"type":"if","locations":[{"start":{"line":370,"column":8},"end":{"line":376,"column":9}},{"start":{"line":372,"column":15},"end":{"line":376,"column":9}}],"line":370},"25":{"loc":{"start":{"line":372,"column":15},"end":{"line":376,"column":9}},"type":"if","locations":[{"start":{"line":372,"column":15},"end":{"line":376,"column":9}},{"start":{"line":374,"column":15},"end":{"line":376,"column":9}}],"line":372},"26":{"loc":{"start":{"line":383,"column":20},"end":{"line":383,"column":44}},"type":"binary-expr","locations":[{"start":{"line":383,"column":20},"end":{"line":383,"column":39}},{"start":{"line":383,"column":43},"end":{"line":383,"column":44}}],"line":383},"27":{"loc":{"start":{"line":400,"column":45},"end":{"line":400,"column":58}},"type":"default-arg","locations":[{"start":{"line":400,"column":54},"end":{"line":400,"column":58}}],"line":400},"28":{"loc":{"start":{"line":408,"column":31},"end":{"line":408,"column":96}},"type":"cond-expr","locations":[{"start":{"line":408,"column":58},"end":{"line":408,"column":91}},{"start":{"line":408,"column":94},"end":{"line":408,"column":96}}],"line":408},"29":{"loc":{"start":{"line":408,"column":58},"end":{"line":408,"column":91}},"type":"binary-expr","locations":[{"start":{"line":408,"column":58},"end":{"line":408,"column":85}},{"start":{"line":408,"column":89},"end":{"line":408,"column":91}}],"line":408},"30":{"loc":{"start":{"line":409,"column":31},"end":{"line":409,"column":96}},"type":"cond-expr","locations":[{"start":{"line":409,"column":58},"end":{"line":409,"column":91}},{"start":{"line":409,"column":94},"end":{"line":409,"column":96}}],"line":409},"31":{"loc":{"start":{"line":409,"column":58},"end":{"line":409,"column":91}},"type":"binary-expr","locations":[{"start":{"line":409,"column":58},"end":{"line":409,"column":85}},{"start":{"line":409,"column":89},"end":{"line":409,"column":91}}],"line":409},"32":{"loc":{"start":{"line":410,"column":12},"end":{"line":422,"column":13}},"type":"if","locations":[{"start":{"line":410,"column":12},"end":{"line":422,"column":13}},{"start":{"line":418,"column":19},"end":{"line":422,"column":13}}],"line":410},"33":{"loc":{"start":{"line":412,"column":16},"end":{"line":414,"column":17}},"type":"if","locations":[{"start":{"line":412,"column":16},"end":{"line":414,"column":17}},{"start":{},"end":{}}],"line":412},"34":{"loc":{"start":{"line":415,"column":16},"end":{"line":417,"column":17}},"type":"if","locations":[{"start":{"line":415,"column":16},"end":{"line":417,"column":17}},{"start":{},"end":{}}],"line":415},"35":{"loc":{"start":{"line":424,"column":46},"end":{"line":424,"column":63}},"type":"binary-expr","locations":[{"start":{"line":424,"column":46},"end":{"line":424,"column":58}},{"start":{"line":424,"column":62},"end":{"line":424,"column":63}}],"line":424},"36":{"loc":{"start":{"line":425,"column":46},"end":{"line":425,"column":63}},"type":"binary-expr","locations":[{"start":{"line":425,"column":46},"end":{"line":425,"column":58}},{"start":{"line":425,"column":62},"end":{"line":425,"column":63}}],"line":425},"37":{"loc":{"start":{"line":461,"column":12},"end":{"line":463,"column":13}},"type":"if","locations":[{"start":{"line":461,"column":12},"end":{"line":463,"column":13}},{"start":{},"end":{}}],"line":461},"38":{"loc":{"start":{"line":467,"column":12},"end":{"line":469,"column":13}},"type":"if","locations":[{"start":{"line":467,"column":12},"end":{"line":469,"column":13}},{"start":{},"end":{}}],"line":467},"39":{"loc":{"start":{"line":472,"column":12},"end":{"line":477,"column":13}},"type":"if","locations":[{"start":{"line":472,"column":12},"end":{"line":477,"column":13}},{"start":{},"end":{}}],"line":472},"40":{"loc":{"start":{"line":472,"column":16},"end":{"line":472,"column":106}},"type":"binary-expr","locations":[{"start":{"line":472,"column":16},"end":{"line":472,"column":44}},{"start":{"line":472,"column":48},"end":{"line":472,"column":106}}],"line":472},"41":{"loc":{"start":{"line":474,"column":16},"end":{"line":476,"column":17}},"type":"if","locations":[{"start":{"line":474,"column":16},"end":{"line":476,"column":17}},{"start":{},"end":{}}],"line":474},"42":{"loc":{"start":{"line":516,"column":16},"end":{"line":518,"column":17}},"type":"if","locations":[{"start":{"line":516,"column":16},"end":{"line":518,"column":17}},{"start":{},"end":{}}],"line":516},"43":{"loc":{"start":{"line":520,"column":16},"end":{"line":524,"column":17}},"type":"if","locations":[{"start":{"line":520,"column":16},"end":{"line":524,"column":17}},{"start":{},"end":{}}],"line":520},"44":{"loc":{"start":{"line":520,"column":20},"end":{"line":520,"column":94}},"type":"binary-expr","locations":[{"start":{"line":520,"column":20},"end":{"line":520,"column":58}},{"start":{"line":520,"column":62},"end":{"line":520,"column":94}}],"line":520}},"s":{"0":7,"1":7,"2":7,"3":0,"4":0,"5":0,"6":0,"7":0,"8":0,"9":0,"10":0,"11":0,"12":0,"13":0,"14":0,"15":0,"16":0,"17":0,"18":0,"19":0,"20":0,"21":0,"22":0,"23":0,"24":0,"25":0,"26":0,"27":0,"28":0,"29":0,"30":0,"31":0,"32":0,"33":0,"34":0,"35":0,"36":0,"37":0,"38":0,"39":0,"40":0,"41":0,"42":0,"43":0,"44":0,"45":0,"46":0,"47":0,"48":0,"49":0,"50":0,"51":0,"52":0,"53":0,"54":0,"55":0,"56":0,"57":0,"58":0,"59":0,"60":0,"61":0,"62":0,"63":0,"64":0,"65":0,"66":0,"67":0,"68":0,"69":0,"70":0,"71":0,"72":0,"73":0,"74":0,"75":0,"76":0,"77":0,"78":0,"79":0,"80":0,"81":0,"82":0,"83":0,"84":0,"85":0,"86":0,"87":0,"88":0,"89":0,"90":0,"91":0,"92":0,"93":0,"94":0,"95":0,"96":0,"97":0,"98":0,"99":0,"100":0,"101":0,"102":0,"103":0,"104":0,"105":0,"106":0,"107":0,"108":0,"109":0,"110":0,"111":0,"112":0,"113":0,"114":0,"115":0,"116":0,"117":0,"118":0,"119":0,"120":0,"121":0,"122":0,"123":0,"124":0,"125":0,"126":0,"127":0,"128":0,"129":0,"130":0,"131":0,"132":0,"133":0,"134":0,"135":0,"136":0,"137":0,"138":0,"139":0,"140":0,"141":0,"142":0,"143":0,"144":0,"145":0,"146":0,"147":0,"148":0,"149":0,"150":0,"151":0,"152":0,"153":0,"154":0,"155":0,"156":0,"157":0,"158":0,"159":0,"160":0,"161":0,"162":0,"163":0,"164":0,"165":0,"166":0,"167":0,"168":0,"169":0,"170":0,"171":0,"172":0,"173":0,"174":0,"175":0,"176":0,"177":0,"178":0,"179":0,"180":0,"181":0,"182":0,"183":0,"184":0,"185":0,"186":0,"187":0,"188":0,"189":0,"190":0},"f":{"0":7,"1":0,"2":0,"3":0,"4":0,"5":0,"6":0,"7":0,"8":0,"9":0,"10":0,"11":0,"12":0,"13":0,"14":0,"15":0,"16":0,"17":0,"18":0,"19":0,"20":0},"b":{"0":[0,0],"1":[0,0],"2":[0,0],"3":[0,0],"4":[0,0],"5":[0,0],"6":[0,0],"7":[0,0],"8":[0,0],"9":[0,0],"10":[0,0],"11":[0,0],"12":[0,0],"13":[0,0],"14":[0,0],"15":[0,0],"16":[0,0],"17":[0,0],"18":[0,0],"19":[0,0],"20":[0,0],"21":[0,0],"22":[0],"23":[0,0],"24":[0,0],"25":[0,0],"26":[0,0],"27":[0],"28":[0,0],"29":[0,0],"30":[0,0],"31":[0,0],"32":[0,0],"33":[0,0],"34":[0,0],"35":[0,0],"36":[0,0],"37":[0,0],"38":[0,0],"39":[0,0],"40":[0,0],"41":[0,0],"42":[0,0],"43":[0,0],"44":[0,0]},"_coverageSchema":"1a1c01bbd47fc00a2c39e90264f33305004495a9","hash":"ecfc26e51c7dc2dede5d99ae56423e2682dac719"}
}
