TN:
SF:src\Observer.js
FN:11,(anonymous_0)
FN:22,(anonymous_1)
FN:29,(anonymous_2)
FN:30,(anonymous_3)
FN:38,(anonymous_4)
FN:40,(anonymous_5)
FNF:6
FNH:6
FNDA:9,(anonymous_0)
FNDA:1,(anonymous_1)
FNDA:1,(anonymous_2)
FNDA:2,(anonymous_3)
FNDA:3,(anonymous_4)
FNDA:3,(anonymous_5)
DA:16,9
DA:23,1
DA:30,2
DA:39,3
DA:40,2
DA:41,3
DA:42,2
DA:43,2
DA:44,2
DA:46,1
LF:10
LH:10
BRDA:39,0,0,2
BRDA:39,0,1,1
BRDA:41,1,0,2
BRDA:41,1,1,1
BRDA:41,2,0,3
BRDA:41,2,1,3
BRF:6
BRH:6
end_of_record
TN:
SF:src\SplitStrategy.js
FN:17,(anonymous_0)
FN:35,(anonymous_1)
FN:42,(anonymous_2)
FN:52,(anonymous_3)
FN:56,(anonymous_4)
FNF:5
FNH:5
FNDA:1,(anonymous_0)
FNDA:6,(anonymous_1)
FNDA:8,(anonymous_2)
FNDA:7,(anonymous_3)
FNDA:15,(anonymous_4)
DA:18,1
DA:36,6
DA:37,3
DA:40,3
DA:42,3
DA:43,8
DA:44,8
DA:53,7
DA:54,1
DA:56,6
DA:58,15
DA:60,15
DA:61,15
LF:13
LH:13
BRDA:36,0,0,3
BRDA:36,0,1,3
BRDA:36,1,0,6
BRDA:36,1,1,4
BRDA:53,2,0,1
BRDA:53,2,1,6
BRDA:53,3,0,7
BRDA:53,3,1,7
BRDA:58,4,0,15
BRDA:58,4,1,4
BRF:10
BRH:10
end_of_record
TN:
SF:src\groupBudget.js
FN:16,(anonymous_0)
FN:28,(anonymous_1)
FN:38,(anonymous_2)
FN:60,(anonymous_3)
FN:98,(anonymous_4)
FN:125,(anonymous_5)
FN:190,(anonymous_6)
FN:203,(anonymous_7)
FN:243,(anonymous_8)
FN:251,(anonymous_9)
FN:269,(anonymous_10)
FN:293,(anonymous_11)
FN:298,(anonymous_12)
FN:323,(anonymous_13)
FN:333,(anonymous_14)
FN:358,(anonymous_15)
FN:380,(anonymous_16)
FN:400,(anonymous_17)
FN:455,(anonymous_18)
FN:505,(anonymous_19)
FN:513,(anonymous_20)
FNF:21
FNH:1
FNDA:7,(anonymous_0)
FNDA:0,(anonymous_1)
FNDA:0,(anonymous_2)
FNDA:0,(anonymous_3)
FNDA:0,(anonymous_4)
FNDA:0,(anonymous_5)
FNDA:0,(anonymous_6)
FNDA:0,(anonymous_7)
FNDA:0,(anonymous_8)
FNDA:0,(anonymous_9)
FNDA:0,(anonymous_10)
FNDA:0,(anonymous_11)
FNDA:0,(anonymous_12)
FNDA:0,(anonymous_13)
FNDA:0,(anonymous_14)
FNDA:0,(anonymous_15)
FNDA:0,(anonymous_16)
FNDA:0,(anonymous_17)
FNDA:0,(anonymous_18)
FNDA:0,(anonymous_19)
FNDA:0,(anonymous_20)
DA:17,7
DA:18,7
DA:19,7
DA:29,0
DA:30,0
DA:32,0
DA:33,0
DA:34,0
DA:35,0
DA:37,0
DA:38,0
DA:39,0
DA:43,0
DA:46,0
DA:48,0
DA:49,0
DA:61,0
DA:62,0
DA:64,0
DA:65,0
DA:66,0
DA:69,0
DA:70,0
DA:74,0
DA:76,0
DA:77,0
DA:84,0
DA:85,0
DA:87,0
DA:98,0
DA:99,0
DA:102,0
DA:108,0
DA:111,0
DA:126,0
DA:127,0
DA:129,0
DA:130,0
DA:131,0
DA:134,0
DA:135,0
DA:136,0
DA:137,0
DA:138,0
DA:139,0
DA:141,0
DA:145,0
DA:155,0
DA:157,0
DA:159,0
DA:164,0
DA:171,0
DA:173,0
DA:174,0
DA:177,0
DA:191,0
DA:192,0
DA:193,0
DA:195,0
DA:196,0
DA:197,0
DA:199,0
DA:200,0
DA:203,0
DA:204,0
DA:205,0
DA:207,0
DA:208,0
DA:210,0
DA:213,0
DA:214,0
DA:218,0
DA:219,0
DA:221,0
DA:222,0
DA:224,0
DA:225,0
DA:228,0
DA:231,0
DA:232,0
DA:244,0
DA:245,0
DA:246,0
DA:247,0
DA:249,0
DA:250,0
DA:251,0
DA:252,0
DA:253,0
DA:255,0
DA:258,0
DA:259,0
DA:260,0
DA:269,0
DA:275,0
DA:276,0
DA:277,0
DA:279,0
DA:280,0
DA:283,0
DA:294,0
DA:295,0
DA:296,0
DA:298,0
DA:299,0
DA:300,0
DA:303,0
DA:314,0
DA:324,0
DA:325,0
DA:327,0
DA:328,0
DA:329,0
DA:330,0
DA:333,0
DA:334,0
DA:335,0
DA:338,0
DA:344,0
DA:345,0
DA:359,0
DA:360,0
DA:362,0
DA:363,0
DA:366,0
DA:367,0
DA:370,0
DA:371,0
DA:372,0
DA:373,0
DA:375,0
DA:378,0
DA:380,0
DA:386,0
DA:401,0
DA:402,0
DA:403,0
DA:404,0
DA:405,0
DA:406,0
DA:407,0
DA:408,0
DA:409,0
DA:410,0
DA:412,0
DA:413,0
DA:415,0
DA:416,0
DA:420,0
DA:421,0
DA:424,0
DA:425,0
DA:427,0
DA:440,0
DA:443,0
DA:456,0
DA:457,0
DA:458,0
DA:459,0
DA:461,0
DA:462,0
DA:465,0
DA:467,0
DA:468,0
DA:472,0
DA:474,0
DA:475,0
DA:480,0
DA:483,0
DA:491,0
DA:494,0
DA:506,0
DA:507,0
DA:508,0
DA:509,0
DA:510,0
DA:513,0
DA:514,0
DA:516,0
DA:517,0
DA:520,0
DA:522,0
DA:523,0
DA:527,0
DA:529,0
DA:535,0
DA:536,0
DA:538,0
LF:188
LH:3
BRDA:37,0,0,0
BRDA:37,0,1,0
BRDA:64,1,0,0
BRDA:64,1,1,0
BRDA:69,2,0,0
BRDA:69,2,1,0
BRDA:99,3,0,0
BRDA:99,3,1,0
BRDA:129,4,0,0
BRDA:129,4,1,0
BRDA:138,5,0,0
BRDA:138,5,1,0
BRDA:197,6,0,0
BRDA:197,6,1,0
BRDA:207,7,0,0
BRDA:207,7,1,0
BRDA:207,8,0,0
BRDA:207,8,1,0
BRDA:208,9,0,0
BRDA:208,9,1,0
BRDA:208,10,0,0
BRDA:208,10,1,0
BRDA:213,11,0,0
BRDA:213,11,1,0
BRDA:214,12,0,0
BRDA:214,12,1,0
BRDA:221,13,0,0
BRDA:221,13,1,0
BRDA:224,14,0,0
BRDA:224,14,1,0
BRDA:249,15,0,0
BRDA:249,15,1,0
BRDA:271,16,0,0
BRDA:271,16,1,0
BRDA:308,17,0,0
BRDA:308,17,1,0
BRDA:309,18,0,0
BRDA:309,18,1,0
BRDA:310,19,0,0
BRDA:310,19,1,0
BRDA:328,20,0,0
BRDA:328,20,1,0
BRDA:340,21,0,0
BRDA:340,21,1,0
BRDA:358,22,0,0
BRDA:362,23,0,0
BRDA:362,23,1,0
BRDA:370,24,0,0
BRDA:370,24,1,0
BRDA:372,25,0,0
BRDA:372,25,1,0
BRDA:383,26,0,0
BRDA:383,26,1,0
BRDA:400,27,0,0
BRDA:408,28,0,0
BRDA:408,28,1,0
BRDA:408,29,0,0
BRDA:408,29,1,0
BRDA:409,30,0,0
BRDA:409,30,1,0
BRDA:409,31,0,0
BRDA:409,31,1,0
BRDA:410,32,0,0
BRDA:410,32,1,0
BRDA:412,33,0,0
BRDA:412,33,1,0
BRDA:415,34,0,0
BRDA:415,34,1,0
BRDA:424,35,0,0
BRDA:424,35,1,0
BRDA:425,36,0,0
BRDA:425,36,1,0
BRDA:461,37,0,0
BRDA:461,37,1,0
BRDA:467,38,0,0
BRDA:467,38,1,0
BRDA:472,39,0,0
BRDA:472,39,1,0
BRDA:472,40,0,0
BRDA:472,40,1,0
BRDA:474,41,0,0
BRDA:474,41,1,0
BRDA:516,42,0,0
BRDA:516,42,1,0
BRDA:520,43,0,0
BRDA:520,43,1,0
BRDA:520,44,0,0
BRDA:520,44,1,0
BRF:88
BRH:0
end_of_record
